#
# There is insufficient memory for the Java Runtime Environment to continue.
# Cannot create GC thread. Out of system resources.
# Possible reasons:
#   The system is out of physical RAM or swap space
#   In 32 bit mode, the process size limit was hit
# Possible solutions:
#   Reduce memory load on the system
#   Increase physical memory or swap space
#   Check if swap backing store is full
#   Use 64 bit Java on a 64 bit OS
#   Decrease Java heap size (-Xmx/-Xms)
#   Decrease number of Java threads
#   Decrease Java thread stack sizes (-Xss)
#   Set larger code cache with -XX:ReservedCodeCacheSize=
# This output file may be truncated or incomplete.
#
#  Out of Memory Error (gcTaskThread.cpp:48), pid=77304, tid=140105192007424
#
# JRE version:  (8.0_71-b15) (build )
# Java VM: Java HotSpot(TM) 64-Bit Server VM (25.71-b15 mixed mode linux-amd64 compressed oops)
# Failed to write core dump. Core dumps have been disabled. To enable core dumping, try "ulimit -c unlimited" before starting Java again
#

---------------  T H R E A D  ---------------

Current thread (0x00007f6cc400a000):  JavaThread "Unknown thread" [_thread_in_vm, id=77305, stack(0x00007f6cc8236000,0x00007f6cc8337000)]

Stack: [0x00007f6cc8236000,0x00007f6cc8337000],  sp=0x00007f6cc8335540,  free space=1021k
Native frames: (J=compiled Java code, j=interpreted, Vv=VM code, C=native code)
V  [libjvm.so+0xaba71a]  VMError::report_and_die()+0x2ba
V  [libjvm.so+0x4f9ecb]  report_vm_out_of_memory(char const*, int, unsigned long, VMErrorType, char const*)+0x8b
V  [libjvm.so+0x5d41df]  GCTaskThread::GCTaskThread(GCTaskManager*, unsigned int, unsigned int)+0x15f
V  [libjvm.so+0x5d2f9b]  GCTaskManager::initialize()+0x3ab
V  [libjvm.so+0x93e9ed]  ParallelScavengeHeap::initialize()+0x34d
V  [libjvm.so+0xa82f4b]  Universe::initialize_heap()+0xfb
V  [libjvm.so+0xa832be]  universe_init()+0x3e
V  [libjvm.so+0x639305]  init_globals()+0x65
V  [libjvm.so+0xa674be]  Threads::create_vm(JavaVMInitArgs*, bool*)+0x23e
V  [libjvm.so+0x6cd824]  JNI_CreateJavaVM+0x74
C  [libjli.so+0x745e]
C  [libpthread.so.0+0x7aa1]


---------------  P R O C E S S  ---------------

Java Threads: ( => current thread )

Other Threads:

=>0x00007f6cc400a000 (exited) JavaThread "Unknown thread" [_thread_in_vm, id=77305, stack(0x00007f6cc8236000,0x00007f6cc8337000)]

VM state:not at safepoint (not fully initialized)

VM Mutex/Monitor currently owned by a thread: None

GC Heap History (0 events):
No events

Deoptimization events (0 events):
No events

Internal exceptions (0 events):
No events

Events (0 events):
No events


Dynamic libraries:
00400000-00401000 r-xp 00000000 fd:05 659334                             /usr/lib/jvm/java-1.8.0-oracle-1.8.0.71.x86_64/bin/javac
00600000-00602000 rw-p 00000000 fd:05 659334                             /usr/lib/jvm/java-1.8.0-oracle-1.8.0.71.x86_64/bin/javac
00bff000-00c20000 rw-p 00000000 00:00 0                                  [heap]
360000000-360580000 rw-p 00000000 00:00 0 
360580000-64ab00000 ---p 00000000 00:00 0 
64ab00000-64ad80000 rw-p 00000000 00:00 0 
64ad80000-7c0000000 ---p 00000000 00:00 0 
3a3ea00000-3a3ea20000 r-xp 00000000 fd:00 4036                           /lib64/ld-2.12.so
3a3ec1f000-3a3ec20000 r--p 0001f000 fd:00 4036                           /lib64/ld-2.12.so
3a3ec20000-3a3ec21000 rw-p 00020000 fd:00 4036                           /lib64/ld-2.12.so
3a3ec21000-3a3ec22000 rw-p 00000000 00:00 0 
3a3ee00000-3a3ef8a000 r-xp 00000000 fd:00 4472                           /lib64/libc-2.12.so
3a3ef8a000-3a3f18a000 ---p 0018a000 fd:00 4472                           /lib64/libc-2.12.so
3a3f18a000-3a3f18e000 r--p 0018a000 fd:00 4472                           /lib64/libc-2.12.so
3a3f18e000-3a3f18f000 rw-p 0018e000 fd:00 4472                           /lib64/libc-2.12.so
3a3f18f000-3a3f194000 rw-p 00000000 00:00 0 
3a3f200000-3a3f215000 r-xp 00000000 fd:05 655842                         /usr/lib/jvm/java-1.8.0-oracle-1.8.0.71.x86_64/lib/amd64/jli/libjli.so
3a3f215000-3a3f415000 ---p 00015000 fd:05 655842                         /usr/lib/jvm/java-1.8.0-oracle-1.8.0.71.x86_64/lib/amd64/jli/libjli.so
3a3f415000-3a3f416000 rw-p 00015000 fd:05 655842                         /usr/lib/jvm/java-1.8.0-oracle-1.8.0.71.x86_64/lib/amd64/jli/libjli.so
3a3f600000-3a3f602000 r-xp 00000000 fd:00 4478                           /lib64/libdl-2.12.so
3a3f602000-3a3f802000 ---p 00002000 fd:00 4478                           /lib64/libdl-2.12.so
3a3f802000-3a3f803000 r--p 00002000 fd:00 4478                           /lib64/libdl-2.12.so
3a3f803000-3a3f804000 rw-p 00003000 fd:00 4478                           /lib64/libdl-2.12.so
3a3fa00000-3a3fa17000 r-xp 00000000 fd:00 4477                           /lib64/libpthread-2.12.so
3a3fa17000-3a3fc17000 ---p 00017000 fd:00 4477                           /lib64/libpthread-2.12.so
3a3fc17000-3a3fc18000 r--p 00017000 fd:00 4477                           /lib64/libpthread-2.12.so
3a3fc18000-3a3fc19000 rw-p 00018000 fd:00 4477                           /lib64/libpthread-2.12.so
3a3fc19000-3a3fc1d000 rw-p 00000000 00:00 0 
3a3fe00000-3a3fe07000 r-xp 00000000 fd:00 4494                           /lib64/librt-2.12.so
3a3fe07000-3a40006000 ---p 00007000 fd:00 4494                           /lib64/librt-2.12.so
3a40006000-3a40007000 r--p 00006000 fd:00 4494                           /lib64/librt-2.12.so
3a40007000-3a40008000 rw-p 00007000 fd:00 4494                           /lib64/librt-2.12.so
3a40e00000-3a40e0c000 r-xp 00000000 fd:00 3489                           /lib64/libnss_files-2.12.so
3a40e0c000-3a4100c000 ---p 0000c000 fd:00 3489                           /lib64/libnss_files-2.12.so
3a4100c000-3a4100d000 r--p 0000c000 fd:00 3489                           /lib64/libnss_files-2.12.so
3a4100d000-3a4100e000 rw-p 0000d000 fd:00 3489                           /lib64/libnss_files-2.12.so
3a51800000-3a51816000 r-xp 00000000 fd:00 4528                           /lib64/libnsl-2.12.so
3a51816000-3a51a15000 ---p 00016000 fd:00 4528                           /lib64/libnsl-2.12.so
3a51a15000-3a51a16000 r--p 00015000 fd:00 4528                           /lib64/libnsl-2.12.so
3a51a16000-3a51a17000 rw-p 00016000 fd:00 4528                           /lib64/libnsl-2.12.so
3a51a17000-3a51a19000 rw-p 00000000 00:00 0 
7f6caecc8000-7f6caef4d000 rw-p 00000000 00:00 0 
7f6caef4d000-7f6caef4e000 ---p 00000000 00:00 0 
7f6caef4e000-7f6caf04e000 rw-p 00000000 00:00 0 
7f6caf04e000-7f6caf04f000 ---p 00000000 00:00 0 
7f6caf04f000-7f6caf14f000 rw-p 00000000 00:00 0 
7f6caf14f000-7f6caf150000 ---p 00000000 00:00 0 
7f6caf150000-7f6caf250000 rw-p 00000000 00:00 0 
7f6caf250000-7f6caf251000 ---p 00000000 00:00 0 
7f6caf251000-7f6caf351000 rw-p 00000000 00:00 0 
7f6caf351000-7f6caf352000 ---p 00000000 00:00 0 
7f6caf352000-7f6caf452000 rw-p 00000000 00:00 0 
7f6caf452000-7f6caf453000 ---p 00000000 00:00 0 
7f6caf453000-7f6caf553000 rw-p 00000000 00:00 0 
7f6caf553000-7f6caf554000 ---p 00000000 00:00 0 
7f6caf554000-7f6caf654000 rw-p 00000000 00:00 0 
7f6caf654000-7f6caf655000 ---p 00000000 00:00 0 
7f6caf655000-7f6caf755000 rw-p 00000000 00:00 0 
7f6caf755000-7f6caf756000 ---p 00000000 00:00 0 
7f6caf756000-7f6caf856000 rw-p 00000000 00:00 0 
7f6caf856000-7f6caf857000 ---p 00000000 00:00 0 
7f6caf857000-7f6caf957000 rw-p 00000000 00:00 0 
7f6caf957000-7f6caf958000 ---p 00000000 00:00 0 
7f6caf958000-7f6cafa58000 rw-p 00000000 00:00 0 
7f6cafa58000-7f6cafa59000 ---p 00000000 00:00 0 
7f6cafa59000-7f6cafb59000 rw-p 00000000 00:00 0 
7f6cafb59000-7f6cafb5a000 ---p 00000000 00:00 0 
7f6cafb5a000-7f6cafc5a000 rw-p 00000000 00:00 0 
7f6cafc5a000-7f6cafc5b000 ---p 00000000 00:00 0 
7f6cafc5b000-7f6cafd5b000 rw-p 00000000 00:00 0 
7f6cafd5b000-7f6cafd5c000 ---p 00000000 00:00 0 
7f6cafd5c000-7f6cafe5c000 rw-p 00000000 00:00 0 
7f6cafe5c000-7f6cafe5d000 ---p 00000000 00:00 0 
7f6cafe5d000-7f6caff5d000 rw-p 00000000 00:00 0 
7f6caff5d000-7f6caff5e000 ---p 00000000 00:00 0 
7f6caff5e000-7f6cb005e000 rw-p 00000000 00:00 0 
7f6cb005e000-7f6cb005f000 ---p 00000000 00:00 0 
7f6cb005f000-7f6cb0162000 rw-p 00000000 00:00 0 
7f6cb0162000-7f6cb18b5000 ---p 00000000 00:00 0 
7f6cb18b5000-7f6cb18b8000 rw-p 00000000 00:00 0 
7f6cb18b8000-7f6cb300a000 ---p 00000000 00:00 0 
7f6cb300a000-7f6cb300c000 rw-p 00000000 00:00 0 
7f6cb300c000-7f6cb3bb5000 ---p 00000000 00:00 0 
7f6cb3bb5000-7f6cb3bc0000 rw-p 00000000 00:00 0 
7f6cb3bc0000-7f6cb3f76000 ---p 00000000 00:00 0 
7f6cb3f76000-7f6cb41e6000 rwxp 00000000 00:00 0 
7f6cb41e6000-7f6cc2f76000 ---p 00000000 00:00 0 
7f6cc2f76000-7f6cc2f90000 r-xp 00000000 fd:05 659393                     /usr/lib/jvm/java-1.8.0-oracle-1.8.0.71.x86_64/jre/lib/amd64/libzip.so
7f6cc2f90000-7f6cc3190000 ---p 0001a000 fd:05 659393                     /usr/lib/jvm/java-1.8.0-oracle-1.8.0.71.x86_64/jre/lib/amd64/libzip.so
7f6cc3190000-7f6cc3191000 rw-p 0001a000 fd:05 659393                     /usr/lib/jvm/java-1.8.0-oracle-1.8.0.71.x86_64/jre/lib/amd64/libzip.so
7f6cc3191000-7f6cc3996000 r--s 00000000 fd:02 131343                     /var/lib/sss/mc/passwd
7f6cc3996000-7f6cc399e000 r-xp 00000000 fd:00 1123                       /lib64/libnss_sss.so.2
7f6cc399e000-7f6cc3b9d000 ---p 00008000 fd:00 1123                       /lib64/libnss_sss.so.2
7f6cc3b9d000-7f6cc3b9e000 rw-p 00007000 fd:00 1123                       /lib64/libnss_sss.so.2
7f6cc3b9e000-7f6cc3ba6000 r-xp 00000000 fd:00 2729                       /lib64/libnss_compat-2.12.so
7f6cc3ba6000-7f6cc3da5000 ---p 00008000 fd:00 2729                       /lib64/libnss_compat-2.12.so
7f6cc3da5000-7f6cc3da6000 r--p 00007000 fd:00 2729                       /lib64/libnss_compat-2.12.so
7f6cc3da6000-7f6cc3da7000 rw-p 00008000 fd:00 2729                       /lib64/libnss_compat-2.12.so
7f6cc3dd4000-7f6cc3dfe000 r-xp 00000000 fd:05 659364                     /usr/lib/jvm/java-1.8.0-oracle-1.8.0.71.x86_64/jre/lib/amd64/libjava.so
7f6cc3dfe000-7f6cc3ffe000 ---p 0002a000 fd:05 659364                     /usr/lib/jvm/java-1.8.0-oracle-1.8.0.71.x86_64/jre/lib/amd64/libjava.so
7f6cc3ffe000-7f6cc4000000 rw-p 0002a000 fd:05 659364                     /usr/lib/jvm/java-1.8.0-oracle-1.8.0.71.x86_64/jre/lib/amd64/libjava.so
7f6cc4000000-7f6cc4057000 rw-p 00000000 00:00 0 
7f6cc4057000-7f6cc8000000 ---p 00000000 00:00 0 
7f6cc8027000-7f6cc8034000 r-xp 00000000 fd:05 659392                     /usr/lib/jvm/java-1.8.0-oracle-1.8.0.71.x86_64/jre/lib/amd64/libverify.so
7f6cc8034000-7f6cc8234000 ---p 0000d000 fd:05 659392                     /usr/lib/jvm/java-1.8.0-oracle-1.8.0.71.x86_64/jre/lib/amd64/libverify.so
7f6cc8234000-7f6cc8236000 rw-p 0000d000 fd:05 659392                     /usr/lib/jvm/java-1.8.0-oracle-1.8.0.71.x86_64/jre/lib/amd64/libverify.so
7f6cc8236000-7f6cc8239000 ---p 00000000 00:00 0 
7f6cc8239000-7f6cc8337000 rw-p 00000000 00:00 0 
7f6cc8337000-7f6cc83ba000 r-xp 00000000 fd:00 4473                       /lib64/libm-2.12.so
7f6cc83ba000-7f6cc85b9000 ---p 00083000 fd:00 4473                       /lib64/libm-2.12.so
7f6cc85b9000-7f6cc85ba000 r--p 00082000 fd:00 4473                       /lib64/libm-2.12.so
7f6cc85ba000-7f6cc85bb000 rw-p 00083000 fd:00 4473                       /lib64/libm-2.12.so
7f6cc85bb000-7f6cc927a000 r-xp 00000000 fd:05 659396                     /usr/lib/jvm/java-1.8.0-oracle-1.8.0.71.x86_64/jre/lib/amd64/server/libjvm.so
7f6cc927a000-7f6cc9479000 ---p 00cbf000 fd:05 659396                     /usr/lib/jvm/java-1.8.0-oracle-1.8.0.71.x86_64/jre/lib/amd64/server/libjvm.so
7f6cc9479000-7f6cc9552000 rw-p 00cbe000 fd:05 659396                     /usr/lib/jvm/java-1.8.0-oracle-1.8.0.71.x86_64/jre/lib/amd64/server/libjvm.so
7f6cc9552000-7f6cc959f000 rw-p 00000000 00:00 0 
7f6cc95bf000-7f6cc95c2000 rw-p 00000000 00:00 0 
7f6cc95c2000-7f6cc95ca000 rw-s 00000000 fd:04 393547                     /tmp/hsperfdata_arturssh/77304
7f6cc95ca000-7f6cc95cb000 rw-p 00000000 00:00 0 
7f6cc95cb000-7f6cc95cc000 r--p 00000000 00:00 0 
7f6cc95cc000-7f6cc95cd000 rw-p 00000000 00:00 0 
7ffca7ccf000-7ffca7ce4000 rw-p 00000000 00:00 0                          [stack]
7ffca7d7b000-7ffca7d7c000 r-xp 00000000 00:00 0                          [vdso]
ffffffffff600000-ffffffffff601000 r-xp 00000000 00:00 0                  [vsyscall]

VM Arguments:
jvm_args: -Denv.class.path=/usr/share/java:/usr/share/java/postgresql-jdbc.jar:. -Dapplication.home=/usr/lib/jvm/java-1.8.0-oracle-1.8.0.71.x86_64 -Xms8m 
java_command: com.sun.tools.javac.Main MineField.java Minesweeper.java Ranking.java
java_class_path (initial): /usr/lib/jvm/java-1.8.0-oracle-1.8.0.71.x86_64/lib/tools.jar:/usr/lib/jvm/java-1.8.0-oracle-1.8.0.71.x86_64/classes
Launcher Type: SUN_STANDARD

Environment Variables:
CLASSPATH=/usr/share/java:/usr/share/java/postgresql-jdbc.jar:.
PATH=/uio/hume/student-u59/arturssh/gradle/bin:/opt/texlive/local-texmf/bin/x86_64-linux:/opt/texlive/uio-texmf/bin/x86_64-linux:/usr/lib64/qt-3.3/bin:/uio/hume/student-u59/arturssh/perl5/bin:/opt/app-sync/xite/bin:/opt/app-sync/envi/bin:/opt/app-sync/cplex/bin:/opt/app-sync/maple/bin:/opt/app-sync/matlab/bin:/usr/local/bin:/usr/bin:/bin:/opt/dell/srvadmin/bin
USERNAME=arturssh
SHELL=/local/gnu/bin/bash
DISPLAY=129.240.69.103:0

Signal Handlers:
SIGSEGV: [libjvm.so+0xabafa0], sa_mask[0]=11111111011111111101111111111110, sa_flags=SA_RESTART|SA_SIGINFO
SIGBUS: [libjvm.so+0xabafa0], sa_mask[0]=11111111011111111101111111111110, sa_flags=SA_RESTART|SA_SIGINFO
SIGFPE: [libjvm.so+0x9183c0], sa_mask[0]=11111111011111111101111111111110, sa_flags=SA_RESTART|SA_SIGINFO
SIGPIPE: [libjvm.so+0x9183c0], sa_mask[0]=11111111011111111101111111111110, sa_flags=SA_RESTART|SA_SIGINFO
SIGXFSZ: [libjvm.so+0x9183c0], sa_mask[0]=11111111011111111101111111111110, sa_flags=SA_RESTART|SA_SIGINFO
SIGILL: [libjvm.so+0x9183c0], sa_mask[0]=11111111011111111101111111111110, sa_flags=SA_RESTART|SA_SIGINFO
SIGUSR1: SIG_DFL, sa_mask[0]=00000000000000000000000000000000, sa_flags=none
SIGUSR2: [libjvm.so+0x9199f0], sa_mask[0]=00000000000000000000000000000000, sa_flags=SA_RESTART|SA_SIGINFO
SIGHUP: SIG_DFL, sa_mask[0]=00000000000000000000000000000000, sa_flags=none
SIGINT: SIG_DFL, sa_mask[0]=00000000000000000000000000000000, sa_flags=none
SIGTERM: SIG_DFL, sa_mask[0]=00000000000000000000000000000000, sa_flags=none
SIGQUIT: SIG_IGN, sa_mask[0]=00000000000000000000000000000000, sa_flags=none


---------------  S Y S T E M  ---------------

OS:Red Hat Enterprise Linux Server release 6.7 (Santiago)

uname:Linux 2.6.32-573.18.1.el6.x86_64 #1 SMP Wed Jan 6 11:20:49 EST 2016 x86_64
libc:glibc 2.12 NPTL 2.12 
rlimit: STACK 10240k, CORE 0k, NPROC 512, NOFILE 4096, AS 36700160k
load average:0.58 0.45 0.43

/proc/meminfo:
MemTotal:       132138228 kB
MemFree:        121728188 kB
Buffers:          775196 kB
Cached:          5846424 kB
SwapCached:            0 kB
Active:          3850172 kB
Inactive:        4078576 kB
Active(anon):    1305740 kB
Inactive(anon):     3680 kB
Active(file):    2544432 kB
Inactive(file):  4074896 kB
Unevictable:           0 kB
Mlocked:               0 kB
SwapTotal:      10485756 kB
SwapFree:       10485756 kB
Dirty:                88 kB
Writeback:             0 kB
AnonPages:       1307592 kB
Mapped:           226212 kB
Shmem:              2316 kB
Slab:            1544080 kB
SReclaimable:    1288448 kB
SUnreclaim:       255632 kB
KernelStack:       35888 kB
PageTables:        87976 kB
NFS_Unstable:          0 kB
Bounce:                0 kB
WritebackTmp:          0 kB
CommitLimit:    76554868 kB
Committed_AS:   18123356 kB
VmallocTotal:   34359738367 kB
VmallocUsed:      504352 kB
VmallocChunk:   34257062688 kB
HardwareCorrupted:     0 kB
AnonHugePages:    573440 kB
HugePages_Total:       0
HugePages_Free:        0
HugePages_Rsvd:        0
HugePages_Surp:        0
Hugepagesize:       2048 kB
DirectMap4k:        7392 kB
DirectMap2M:    134197248 kB


CPU:total 64 (8 cores per cpu, 2 threads per core) family 6 model 46 stepping 6, cmov, cx8, fxsr, mmx, sse, sse2, sse3, ssse3, sse4.1, sse4.2, popcnt, ht, tsc, tscinvbit

/proc/cpuinfo:
processor	: 0
vendor_id	: GenuineIntel
cpu family	: 6
model		: 46
model name	: Intel(R) Xeon(R) CPU           L7555  @ 1.87GHz
stepping	: 6
microcode	: 10
cpu MHz		: 1862.094
cache size	: 24576 KB
physical id	: 0
siblings	: 16
core id		: 0
cpu cores	: 8
apicid		: 0
initial apicid	: 0
fpu		: yes
fpu_exception	: yes
cpuid level	: 11
wp		: yes
flags		: fpu vme de pse tsc msr pae mce cx8 apic sep mtrr pge mca cmov pat pse36 clflush dts acpi mmx fxsr sse sse2 ss ht tm pbe syscall nx rdtscp lm constant_tsc arch_perfmon pebs bts rep_good xtopology nonstop_tsc aperfmperf pni dtes64 monitor ds_cpl vmx est tm2 ssse3 cx16 xtpr pdcm dca sse4_1 sse4_2 x2apic popcnt lahf_lm ida dts tpr_shadow vnmi flexpriority ept vpid
bogomips	: 3724.18
clflush size	: 64
cache_alignment	: 64
address sizes	: 44 bits physical, 48 bits virtual
power management:

processor	: 1
vendor_id	: GenuineIntel
cpu family	: 6
model		: 46
model name	: Intel(R) Xeon(R) CPU           L7555  @ 1.87GHz
stepping	: 6
microcode	: 10
cpu MHz		: 1862.094
cache size	: 24576 KB
physical id	: 1
siblings	: 16
core id		: 0
cpu cores	: 8
apicid		: 32
initial apicid	: 32
fpu		: yes
fpu_exception	: yes
cpuid level	: 11
wp		: yes
flags		: fpu vme de pse tsc msr pae mce cx8 apic sep mtrr pge mca cmov pat pse36 clflush dts acpi mmx fxsr sse sse2 ss ht tm pbe syscall nx rdtscp lm constant_tsc arch_perfmon pebs bts rep_good xtopology nonstop_tsc aperfmperf pni dtes64 monitor ds_cpl vmx est tm2 ssse3 cx16 xtpr pdcm dca sse4_1 sse4_2 x2apic popcnt lahf_lm ida dts tpr_shadow vnmi flexpriority ept vpid
bogomips	: 3723.45
clflush size	: 64
cache_alignment	: 64
address sizes	: 44 bits physical, 48 bits virtual
power management:

processor	: 2
vendor_id	: GenuineIntel
cpu family	: 6
model		: 46
model name	: Intel(R) Xeon(R) CPU           L7555  @ 1.87GHz
stepping	: 6
microcode	: 10
cpu MHz		: 1862.094
cache size	: 24576 KB
physical id	: 2
siblings	: 16
core id		: 0
cpu cores	: 8
apicid		: 64
initial apicid	: 64
fpu		: yes
fpu_exception	: yes
cpuid level	: 11
wp		: yes
flags		: fpu vme de pse tsc msr pae mce cx8 apic sep mtrr pge mca cmov pat pse36 clflush dts acpi mmx fxsr sse sse2 ss ht tm pbe syscall nx rdtscp lm constant_tsc arch_perfmon pebs bts rep_good xtopology nonstop_tsc aperfmperf pni dtes64 monitor ds_cpl vmx est tm2 ssse3 cx16 xtpr pdcm dca sse4_1 sse4_2 x2apic popcnt lahf_lm ida dts tpr_shadow vnmi flexpriority ept vpid
bogomips	: 3723.47
clflush size	: 64
cache_alignment	: 64
address sizes	: 44 bits physical, 48 bits virtual
power management:

processor	: 3
vendor_id	: GenuineIntel
cpu family	: 6
model		: 46
model name	: Intel(R) Xeon(R) CPU           L7555  @ 1.87GHz
stepping	: 6
microcode	: 10
cpu MHz		: 1862.094
cache size	: 24576 KB
physical id	: 3
siblings	: 16
core id		: 0
cpu cores	: 8
apicid		: 96
initial apicid	: 96
fpu		: yes
fpu_exception	: yes
cpuid level	: 11
wp		: yes
flags		: fpu vme de pse tsc msr pae mce cx8 apic sep mtrr pge mca cmov pat pse36 clflush dts acpi mmx fxsr sse sse2 ss ht tm pbe syscall nx rdtscp lm constant_tsc arch_perfmon pebs bts rep_good xtopology nonstop_tsc aperfmperf pni dtes64 monitor ds_cpl vmx est tm2 ssse3 cx16 xtpr pdcm dca sse4_1 sse4_2 x2apic popcnt lahf_lm ida dts tpr_shadow vnmi flexpriority ept vpid
bogomips	: 3723.46
clflush size	: 64
cache_alignment	: 64
address sizes	: 44 bits physical, 48 bits virtual
power management:

processor	: 4
vendor_id	: GenuineIntel
cpu family	: 6
model		: 46
model name	: Intel(R) Xeon(R) CPU           L7555  @ 1.87GHz
stepping	: 6
microcode	: 10
cpu MHz		: 1862.094
cache size	: 24576 KB
physical id	: 0
siblings	: 16
core id		: 1
cpu cores	: 8
apicid		: 2
initial apicid	: 2
fpu		: yes
fpu_exception	: yes
cpuid level	: 11
wp		: yes
flags		: fpu vme de pse tsc msr pae mce cx8 apic sep mtrr pge mca cmov pat pse36 clflush dts acpi mmx fxsr sse sse2 ss ht tm pbe syscall nx rdtscp lm constant_tsc arch_perfmon pebs bts rep_good xtopology nonstop_tsc aperfmperf pni dtes64 monitor ds_cpl vmx est tm2 ssse3 cx16 xtpr pdcm dca sse4_1 sse4_2 x2apic popcnt lahf_lm ida dts tpr_shadow vnmi flexpriority ept vpid
bogomips	: 3724.18
clflush size	: 64
cache_alignment	: 64
address sizes	: 44 bits physical, 48 bits virtual
power management:

processor	: 5
vendor_id	: GenuineIntel
cpu family	: 6
model		: 46
model name	: Intel(R) Xeon(R) CPU           L7555  @ 1.87GHz
stepping	: 6
microcode	: 10
cpu MHz		: 1862.094
cache size	: 24576 KB
physical id	: 1
siblings	: 16
core id		: 1
cpu cores	: 8
apicid		: 34
initial apicid	: 34
fpu		: yes
fpu_exception	: yes
cpuid level	: 11
wp		: yes
flags		: fpu vme de pse tsc msr pae mce cx8 apic sep mtrr pge mca cmov pat pse36 clflush dts acpi mmx fxsr sse sse2 ss ht tm pbe syscall nx rdtscp lm constant_tsc arch_perfmon pebs bts rep_good xtopology nonstop_tsc aperfmperf pni dtes64 monitor ds_cpl vmx est tm2 ssse3 cx16 xtpr pdcm dca sse4_1 sse4_2 x2apic popcnt lahf_lm ida dts tpr_shadow vnmi flexpriority ept vpid
bogomips	: 3723.45
clflush size	: 64
cache_alignment	: 64
address sizes	: 44 bits physical, 48 bits virtual
power management:

processor	: 6
vendor_id	: GenuineIntel
cpu family	: 6
model		: 46
model name	: Intel(R) Xeon(R) CPU           L7555  @ 1.87GHz
stepping	: 6
microcode	: 10
cpu MHz		: 1862.094
cache size	: 24576 KB
physical id	: 2
siblings	: 16
core id		: 1
cpu cores	: 8
apicid		: 66
initial apicid	: 66
fpu		: yes
fpu_exception	: yes
cpuid level	: 11
wp		: yes
flags		: fpu vme de pse tsc msr pae mce cx8 apic sep mtrr pge mca cmov pat pse36 clflush dts acpi mmx fxsr sse sse2 ss ht tm pbe syscall nx rdtscp lm constant_tsc arch_perfmon pebs bts rep_good xtopology nonstop_tsc aperfmperf pni dtes64 monitor ds_cpl vmx est tm2 ssse3 cx16 xtpr pdcm dca sse4_1 sse4_2 x2apic popcnt lahf_lm ida dts tpr_shadow vnmi flexpriority ept vpid
bogomips	: 3723.47
clflush size	: 64
cache_alignment	: 64
address sizes	: 44 bits physical, 48 bits virtual
power management:

processor	: 7
vendor_id	: GenuineIntel
cpu family	: 6
model		: 46
model name	: Intel(R) Xeon(R) CPU           L7555  @ 1.87GHz
stepping	: 6
microcode	: 10
cpu MHz		: 1862.094
cache size	: 24576 KB
physical id	: 3
siblings	: 16
core id		: 1
cpu cores	: 8
apicid		: 98
initial apicid	: 98
fpu		: yes
fpu_exception	: yes
cpuid level	: 11
wp		: yes
flags		: fpu vme de pse tsc msr pae mce cx8 apic sep mtrr pge mca cmov pat pse36 clflush dts acpi mmx fxsr sse sse2 ss ht tm pbe syscall nx rdtscp lm constant_tsc arch_perfmon pebs bts rep_good xtopology nonstop_tsc aperfmperf pni dtes64 monitor ds_cpl vmx est tm2 ssse3 cx16 xtpr pdcm dca sse4_1 sse4_2 x2apic popcnt lahf_lm ida dts tpr_shadow vnmi flexpriority ept vpid
bogomips	: 3723.46
clflush size	: 64
cache_alignment	: 64
address sizes	: 44 bits physical, 48 bits virtual
power management:

processor	: 8
vendor_id	: GenuineIntel
cpu family	: 6
model		: 46
model name	: Intel(R) Xeon(R) CPU           L7555  @ 1.87GHz
stepping	: 6
microcode	: 10
cpu MHz		: 1862.094
cache size	: 24576 KB
physical id	: 0
siblings	: 16
core id		: 2
cpu cores	: 8
apicid		: 4
initial apicid	: 4
fpu		: yes
fpu_exception	: yes
cpuid level	: 11
wp		: yes
flags		: fpu vme de pse tsc msr pae mce cx8 apic sep mtrr pge mca cmov pat pse36 clflush dts acpi mmx fxsr sse sse2 ss ht tm pbe syscall nx rdtscp lm constant_tsc arch_perfmon pebs bts rep_good xtopology nonstop_tsc aperfmperf pni dtes64 monitor ds_cpl vmx est tm2 ssse3 cx16 xtpr pdcm dca sse4_1 sse4_2 x2apic popcnt lahf_lm ida dts tpr_shadow vnmi flexpriority ept vpid
bogomips	: 3724.18
clflush size	: 64
cache_alignment	: 64
address sizes	: 44 bits physical, 48 bits virtual
power management:

processor	: 9
vendor_id	: GenuineIntel
cpu family	: 6
model		: 46
model name	: Intel(R) Xeon(R) CPU           L7555  @ 1.87GHz
stepping	: 6
microcode	: 10
cpu MHz		: 1862.094
cache size	: 24576 KB
physical id	: 1
siblings	: 16
core id		: 2
cpu cores	: 8
apicid		: 36
initial apicid	: 36
fpu		: yes
fpu_exception	: yes
cpuid level	: 11
wp		: yes
flags		: fpu vme de pse tsc msr pae mce cx8 apic sep mtrr pge mca cmov pat pse36 clflush dts acpi mmx fxsr sse sse2 ss ht tm pbe syscall nx rdtscp lm constant_tsc arch_perfmon pebs bts rep_good xtopology nonstop_tsc aperfmperf pni dtes64 monitor ds_cpl vmx est tm2 ssse3 cx16 xtpr pdcm dca sse4_1 sse4_2 x2apic popcnt lahf_lm ida dts tpr_shadow vnmi flexpriority ept vpid
bogomips	: 3723.45
clflush size	: 64
cache_alignment	: 64
address sizes	: 44 bits physical, 48 bits virtual
power management:

processor	: 10
vendor_id	: GenuineIntel
cpu family	: 6
model		: 46
model name	: Intel(R) Xeon(R) CPU           L7555  @ 1.87GHz
stepping	: 6
microcode	: 10
cpu MHz		: 1862.094
cache size	: 24576 KB
physical id	: 2
siblings	: 16
core id		: 2
cpu cores	: 8
apicid		: 68
initial apicid	: 68
fpu		: yes
fpu_exception	: yes
cpuid level	: 11
wp		: yes
flags		: fpu vme de pse tsc msr pae mce cx8 apic sep mtrr pge mca cmov pat pse36 clflush dts acpi mmx fxsr sse sse2 ss ht tm pbe syscall nx rdtscp lm constant_tsc arch_perfmon pebs bts rep_good xtopology nonstop_tsc aperfmperf pni dtes64 monitor ds_cpl vmx est tm2 ssse3 cx16 xtpr pdcm dca sse4_1 sse4_2 x2apic popcnt lahf_lm ida dts tpr_shadow vnmi flexpriority ept vpid
bogomips	: 3723.47
clflush size	: 64
cache_alignment	: 64
address sizes	: 44 bits physical, 48 bits virtual
power management:

processor	: 11
vendor_id	: GenuineIntel
cpu family	: 6
model		: 46
model name	: Intel(R) Xeon(R) CPU           L7555  @ 1.87GHz
stepping	: 6
microcode	: 10
cpu MHz		: 1862.094
cache size	: 24576 KB
physical id	: 3
siblings	: 16
core id		: 2
cpu cores	: 8
apicid		: 100
initial apicid	: 100
fpu		: yes
fpu_exception	: yes
cpuid level	: 11
wp		: yes
flags		: fpu vme de pse tsc msr pae mce cx8 apic sep mtrr pge mca cmov pat pse36 clflush dts acpi mmx fxsr sse sse2 ss ht tm pbe syscall nx rdtscp lm constant_tsc arch_perfmon pebs bts rep_good xtopology nonstop_tsc aperfmperf pni dtes64 monitor ds_cpl vmx est tm2 ssse3 cx16 xtpr pdcm dca sse4_1 sse4_2 x2apic popcnt lahf_lm ida dts tpr_shadow vnmi flexpriority ept vpid
bogomips	: 3723.46
clflush size	: 64
cache_alignment	: 64
address sizes	: 44 bits physical, 48 bits virtual
power management:

processor	: 12
vendor_id	: GenuineIntel
cpu family	: 6
model		: 46
model name	: Intel(R) Xeon(R) CPU           L7555  @ 1.87GHz
stepping	: 6
microcode	: 10
cpu MHz		: 1862.094
cache size	: 24576 KB
physical id	: 0
siblings	: 16
core id		: 3
cpu cores	: 8
apicid		: 6
initial apicid	: 6
fpu		: yes
fpu_exception	: yes
cpuid level	: 11
wp		: yes
flags		: fpu vme de pse tsc msr pae mce cx8 apic sep mtrr pge mca cmov pat pse36 clflush dts acpi mmx fxsr sse sse2 ss ht tm pbe syscall nx rdtscp lm constant_tsc arch_perfmon pebs bts rep_good xtopology nonstop_tsc aperfmperf pni dtes64 monitor ds_cpl vmx est tm2 ssse3 cx16 xtpr pdcm dca sse4_1 sse4_2 x2apic popcnt lahf_lm ida dts tpr_shadow vnmi flexpriority ept vpid
bogomips	: 3724.18
clflush size	: 64
cache_alignment	: 64
address sizes	: 44 bits physical, 48 bits virtual
power management:

processor	: 13
vendor_id	: GenuineIntel
cpu family	: 6
model		: 46
model name	: Intel(R) Xeon(R) CPU           L7555  @ 1.87GHz
stepping	: 6
microcode	: 10
cpu MHz		: 1862.094
cache size	: 24576 KB
physical id	: 1
siblings	: 16
core id		: 3
cpu cores	: 8
apicid		: 38
initial apicid	: 38
fpu		: yes
fpu_exception	: yes
cpuid level	: 11
wp		: yes
flags		: fpu vme de pse tsc msr pae mce cx8 apic sep mtrr pge mca cmov pat pse36 clflush dts acpi mmx fxsr sse sse2 ss ht tm pbe syscall nx rdtscp lm constant_tsc arch_perfmon pebs bts rep_good xtopology nonstop_tsc aperfmperf pni dtes64 monitor ds_cpl vmx est tm2 ssse3 cx16 xtpr pdcm dca sse4_1 sse4_2 x2apic popcnt lahf_lm ida dts tpr_shadow vnmi flexpriority ept vpid
bogomips	: 3723.45
clflush size	: 64
cache_alignment	: 64
address sizes	: 44 bits physical, 48 bits virtual
power management:

processor	: 14
vendor_id	: GenuineIntel
cpu family	: 6
model		: 46
model name	: Intel(R) Xeon(R) CPU           L7555  @ 1.87GHz
stepping	: 6
microcode	: 10
cpu MHz		: 1862.094
cache size	: 24576 KB
physical id	: 2
siblings	: 16
core id		: 3
cpu cores	: 8
apicid		: 70
initial apicid	: 70
fpu		: yes
fpu_exception	: yes
cpuid level	: 11
wp		: yes
flags		: fpu vme de pse tsc msr pae mce cx8 apic sep mtrr pge mca cmov pat pse36 clflush dts acpi mmx fxsr sse sse2 ss ht tm pbe syscall nx rdtscp lm constant_tsc arch_perfmon pebs bts rep_good xtopology nonstop_tsc aperfmperf pni dtes64 monitor ds_cpl vmx est tm2 ssse3 cx16 xtpr pdcm dca sse4_1 sse4_2 x2apic popcnt lahf_lm ida dts tpr_shadow vnmi flexpriority ept vpid
bogomips	: 3723.47
clflush size	: 64
cache_alignment	: 64
address sizes	: 44 bits physical, 48 bits virtual
power management:

processor	: 15
vendor_id	: GenuineIntel
cpu family	: 6
model		: 46
model name	: Intel(R) Xeon(R) CPU           L7555  @ 1.87GHz
stepping	: 6
microcode	: 10
cpu MHz		: 1862.094
cache size	: 24576 KB
physical id	: 3
siblings	: 16
core id		: 3
cpu cores	: 8
apicid		: 102
initial apicid	: 102
fpu		: yes
fpu_exception	: yes
cpuid level	: 11
wp		: yes
flags		: fpu vme de pse tsc msr pae mce cx8 apic sep mtrr pge mca cmov pat pse36 clflush dts acpi mmx fxsr sse sse2 ss ht tm pbe syscall nx rdtscp lm constant_tsc arch_perfmon pebs bts rep_good xtopology nonstop_tsc aperfmperf pni dtes64 monitor ds_cpl vmx est tm2 ssse3 cx16 xtpr pdcm dca sse4_1 sse4_2 x2apic popcnt lahf_lm ida dts tpr_shadow vnmi flexpriority ept vpid
bogomips	: 3723.46
clflush size	: 64
cache_alignment	: 64
address sizes	: 44 bits physical, 48 bits virtual
power management:

processor	: 16
vendor_id	: GenuineIntel
cpu family	: 6
model		: 46
model name	: Intel(R) Xeon(R) CPU           L7555  @ 1.87GHz
stepping	: 6
microcode	: 10
cpu MHz		: 1862.094
cache size	: 24576 KB
physical id	: 0
siblings	: 16
core id		: 8
cpu cores	: 8
apicid		: 16
initial apicid	: 16
fpu		: yes
fpu_exception	: yes
cpuid level	: 11
wp		: yes
flags		: fpu vme de pse tsc msr pae mce cx8 apic sep mtrr pge mca cmov pat pse36 clflush dts acpi mmx fxsr sse sse2 ss ht tm pbe syscall nx rdtscp lm constant_tsc arch_perfmon pebs bts rep_good xtopology nonstop_tsc aperfmperf pni dtes64 monitor ds_cpl vmx est tm2 ssse3 cx16 xtpr pdcm dca sse4_1 sse4_2 x2apic popcnt lahf_lm ida dts tpr_shadow vnmi flexpriority ept vpid
bogomips	: 3724.18
clflush size	: 64
cache_alignment	: 64
address sizes	: 44 bits physical, 48 bits virtual
power management:

processor	: 17
vendor_id	: GenuineIntel
cpu family	: 6
model		: 46
model name	: Intel(R) Xeon(R) CPU           L7555  @ 1.87GHz
stepping	: 6
microcode	: 10
cpu MHz		: 1862.094
cache size	: 24576 KB
physical id	: 1
siblings	: 16
core id		: 8
cpu cores	: 8
apicid		: 48
initial apicid	: 48
fpu		: yes
fpu_exception	: yes
cpuid level	: 11
wp		: yes
flags		: fpu vme de pse tsc msr pae mce cx8 apic sep mtrr pge mca cmov pat pse36 clflush dts acpi mmx fxsr sse sse2 ss ht tm pbe syscall nx rdtscp lm constant_tsc arch_perfmon pebs bts rep_good xtopology nonstop_tsc aperfmperf pni dtes64 monitor ds_cpl vmx est tm2 ssse3 cx16 xtpr pdcm dca sse4_1 sse4_2 x2apic popcnt lahf_lm ida dts tpr_shadow vnmi flexpriority ept vpid
bogomips	: 3723.45
clflush size	: 64
cache_alignment	: 64
address sizes	: 44 bits physical, 48 bits virtual
power management:

processor	: 18
vendor_id	: GenuineIntel
cpu family	: 6
model		: 46
model name	: Intel(R) Xeon(R) CPU           L7555  @ 1.87GHz
stepping	: 6
microcode	: 10
cpu MHz		: 1862.094
cache size	: 24576 KB
physical id	: 2
siblings	: 16
core id		: 8
cpu cores	: 8
apicid		: 80
initial apicid	: 80
fpu		: yes
fpu_exception	: yes
cpuid level	: 11
wp		: yes
flags		: fpu vme de pse tsc msr pae mce cx8 apic sep mtrr pge mca cmov pat pse36 clflush dts acpi mmx fxsr sse sse2 ss ht tm pbe syscall nx rdtscp lm constant_tsc arch_perfmon pebs bts rep_good xtopology nonstop_tsc aperfmperf pni dtes64 monitor ds_cpl vmx est tm2 ssse3 cx16 xtpr pdcm dca sse4_1 sse4_2 x2apic popcnt lahf_lm ida dts tpr_shadow vnmi flexpriority ept vpid
bogomips	: 3723.47
clflush size	: 64
cache_alignment	: 64
address sizes	: 44 bits physical, 48 bits virtual
power management:

processor	: 19
vendor_id	: GenuineIntel
cpu family	: 6
model		: 46
model name	: Intel(R) Xeon(R) CPU           L7555  @ 1.87GHz
stepping	: 6
microcode	: 10
cpu MHz		: 1862.094
cache size	: 24576 KB
physical id	: 3
siblings	: 16
core id		: 8
cpu cores	: 8
apicid		: 112
initial apicid	: 112
fpu		: yes
fpu_exception	: yes
cpuid level	: 11
wp		: yes
flags		: fpu vme de pse tsc msr pae mce cx8 apic sep mtrr pge mca cmov pat pse36 clflush dts acpi mmx fxsr sse sse2 ss ht tm pbe syscall nx rdtscp lm constant_tsc arch_perfmon pebs bts rep_good xtopology nonstop_tsc aperfmperf pni dtes64 monitor ds_cpl vmx est tm2 ssse3 cx16 xtpr pdcm dca sse4_1 sse4_2 x2apic popcnt lahf_lm ida dts tpr_shadow vnmi flexpriority ept vpid
bogomips	: 3723.46
clflush size	: 64
cache_alignment	: 64
address sizes	: 44 bits physical, 48 bits virtual
power management:

processor	: 20
vendor_id	: GenuineIntel
cpu family	: 6
model		: 46
model name	: Intel(R) Xeon(R) CPU           L7555  @ 1.87GHz
stepping	: 6
microcode	: 10
cpu MHz		: 1862.094
cache size	: 24576 KB
physical id	: 0
siblings	: 16
core id		: 9
cpu cores	: 8
apicid		: 18
initial apicid	: 18
fpu		: yes
fpu_exception	: yes
cpuid level	: 11
wp		: yes
flags		: fpu vme de pse tsc msr pae mce cx8 apic sep mtrr pge mca cmov pat pse36 clflush dts acpi mmx fxsr sse sse2 ss ht tm pbe syscall nx rdtscp lm constant_tsc arch_perfmon pebs bts rep_good xtopology nonstop_tsc aperfmperf pni dtes64 monitor ds_cpl vmx est tm2 ssse3 cx16 xtpr pdcm dca sse4_1 sse4_2 x2apic popcnt lahf_lm ida dts tpr_shadow vnmi flexpriority ept vpid
bogomips	: 3724.18
clflush size	: 64
cache_alignment	: 64
address sizes	: 44 bits physical, 48 bits virtual
power management:

processor	: 21
vendor_id	: GenuineIntel
cpu family	: 6
model		: 46
model name	: Intel(R) Xeon(R) CPU           L7555  @ 1.87GHz
stepping	: 6
microcode	: 10
cpu MHz		: 1862.094
cache size	: 24576 KB
physical id	: 1
siblings	: 16
core id		: 9
cpu cores	: 8
apicid		: 50
initial apicid	: 50
fpu		: yes
fpu_exception	: yes
cpuid level	: 11
wp		: yes
flags		: fpu vme de pse tsc msr pae mce cx8 apic sep mtrr pge mca cmov pat pse36 clflush dts acpi mmx fxsr sse sse2 ss ht tm pbe syscall nx rdtscp lm constant_tsc arch_perfmon pebs bts rep_good xtopology nonstop_tsc aperfmperf pni dtes64 monitor ds_cpl vmx est tm2 ssse3 cx16 xtpr pdcm dca sse4_1 sse4_2 x2apic popcnt lahf_lm ida dts tpr_shadow vnmi flexpriority ept vpid
bogomips	: 3723.45
clflush size	: 64
cache_alignment	: 64
address sizes	: 44 bits physical, 48 bits virtual
power management:

processor	: 22
vendor_id	: GenuineIntel
cpu family	: 6
model		: 46
model name	: Intel(R) Xeon(R) CPU           L7555  @ 1.87GHz
stepping	: 6
microcode	: 10
cpu MHz		: 1862.094
cache size	: 24576 KB
physical id	: 2
siblings	: 16
core id		: 9
cpu cores	: 8
apicid		: 82
initial apicid	: 82
fpu		: yes
fpu_exception	: yes
cpuid level	: 11
wp		: yes
flags		: fpu vme de pse tsc msr pae mce cx8 apic sep mtrr pge mca cmov pat pse36 clflush dts acpi mmx fxsr sse sse2 ss ht tm pbe syscall nx rdtscp lm constant_tsc arch_perfmon pebs bts rep_good xtopology nonstop_tsc aperfmperf pni dtes64 monitor ds_cpl vmx est tm2 ssse3 cx16 xtpr pdcm dca sse4_1 sse4_2 x2apic popcnt lahf_lm ida dts tpr_shadow vnmi flexpriority ept vpid
bogomips	: 3723.47
clflush size	: 64
cache_alignment	: 64
address sizes	: 44 bits physical, 48 bits virtual
power management:

processor	: 23
vendor_id	: GenuineIntel
cpu family	: 6
model		: 46
model name	: Intel(R) Xeon(R) CPU           L7555  @ 1.87GHz
stepping	: 6
microcode	: 10
cpu MHz		: 1862.094
cache size	: 24576 KB
physical id	: 3
siblings	: 16
core id		: 9
cpu cores	: 8
apicid		: 114
initial apicid	: 114
fpu		: yes
fpu_exception	: yes
cpuid level	: 11
wp		: yes
flags		: fpu vme de pse tsc msr pae mce cx8 apic sep mtrr pge mca cmov pat pse36 clflush dts acpi mmx fxsr sse sse2 ss ht tm pbe syscall nx rdtscp lm constant_tsc arch_perfmon pebs bts rep_good xtopology nonstop_tsc aperfmperf pni dtes64 monitor ds_cpl vmx est tm2 ssse3 cx16 xtpr pdcm dca sse4_1 sse4_2 x2apic popcnt lahf_lm ida dts tpr_shadow vnmi flexpriority ept vpid
bogomips	: 3723.46
clflush size	: 64
cache_alignment	: 64
address sizes	: 44 bits physical, 48 bits virtual
power management:

processor	: 24
vendor_id	: GenuineIntel
cpu family	: 6
model		: 46
model name	: Intel(R) Xeon(R) CPU           L7555  @ 1.87GHz
stepping	: 6
microcode	: 10
cpu MHz		: 1862.094
cache size	: 24576 KB
physical id	: 0
siblings	: 16
core id		: 10
cpu cores	: 8
apicid		: 20
initial apicid	: 20
fpu		: yes
fpu_exception	: yes
cpuid level	: 11
wp		: yes
flags		: fpu vme de pse tsc msr pae mce cx8 apic sep mtrr pge mca cmov pat pse36 clflush dts acpi mmx fxsr sse sse2 ss ht tm pbe syscall nx rdtscp lm constant_tsc arch_perfmon pebs bts rep_good xtopology nonstop_tsc aperfmperf pni dtes64 monitor ds_cpl vmx est tm2 ssse3 cx16 xtpr pdcm dca sse4_1 sse4_2 x2apic popcnt lahf_lm ida dts tpr_shadow vnmi flexpriority ept vpid
bogomips	: 3724.18
clflush size	: 64
cache_alignment	: 64
address sizes	: 44 bits physical, 48 bits virtual
power management:

processor	: 25
vendor_id	: GenuineIntel
cpu family	: 6
model		: 46
model name	: Intel(R) Xeon(R) CPU           L7555  @ 1.87GHz
stepping	: 6
microcode	: 10
cpu MHz		: 1862.094
cache size	: 24576 KB
physical id	: 1
siblings	: 16
core id		: 10
cpu cores	: 8
apicid		: 52
initial apicid	: 52
fpu		: yes
fpu_exception	: yes
cpuid level	: 11
wp		: yes
flags		: fpu vme de pse tsc msr pae mce cx8 apic sep mtrr pge mca cmov pat pse36 clflush dts acpi mmx fxsr sse sse2 ss ht tm pbe syscall nx rdtscp lm constant_tsc arch_perfmon pebs bts rep_good xtopology nonstop_tsc aperfmperf pni dtes64 monitor ds_cpl vmx est tm2 ssse3 cx16 xtpr pdcm dca sse4_1 sse4_2 x2apic popcnt lahf_lm ida dts tpr_shadow vnmi flexpriority ept vpid
bogomips	: 3723.45
clflush size	: 64
cache_alignment	: 64
address sizes	: 44 bits physical, 48 bits virtual
power management:

processor	: 26
vendor_id	: GenuineIntel
cpu family	: 6
model		: 46
model name	: Intel(R) Xeon(R) CPU           L7555  @ 1.87GHz
stepping	: 6
microcode	: 10
cpu MHz		: 1862.094
cache size	: 24576 KB
physical id	: 2
siblings	: 16
core id		: 10
cpu cores	: 8
apicid		: 84
initial apicid	: 84
fpu		: yes
fpu_exception	: yes
cpuid level	: 11
wp		: yes
flags		: fpu vme de pse tsc msr pae mce cx8 apic sep mtrr pge mca cmov pat pse36 clflush dts acpi mmx fxsr sse sse2 ss ht tm pbe syscall nx rdtscp lm constant_tsc arch_perfmon pebs bts rep_good xtopology nonstop_tsc aperfmperf pni dtes64 monitor ds_cpl vmx est tm2 ssse3 cx16 xtpr pdcm dca sse4_1 sse4_2 x2apic popcnt lahf_lm ida dts tpr_shadow vnmi flexpriority ept vpid
bogomips	: 3723.47
clflush size	: 64
cache_alignment	: 64
address sizes	: 44 bits physical, 48 bits virtual
power management:

processor	: 27
vendor_id	: GenuineIntel
cpu family	: 6
model		: 46
model name	: Intel(R) Xeon(R) CPU           L7555  @ 1.87GHz
stepping	: 6
microcode	: 10
cpu MHz		: 1862.094
cache size	: 24576 KB
physical id	: 3
siblings	: 16
core id		: 10
cpu cores	: 8
apicid		: 116
initial apicid	: 116
fpu		: yes
fpu_exception	: yes
cpuid level	: 11
wp		: yes
flags		: fpu vme de pse tsc msr pae mce cx8 apic sep mtrr pge mca cmov pat pse36 clflush dts acpi mmx fxsr sse sse2 ss ht tm pbe syscall nx rdtscp lm constant_tsc arch_perfmon pebs bts rep_good xtopology nonstop_tsc aperfmperf pni dtes64 monitor ds_cpl vmx est tm2 ssse3 cx16 xtpr pdcm dca sse4_1 sse4_2 x2apic popcnt lahf_lm ida dts tpr_shadow vnmi flexpriority ept vpid
bogomips	: 3723.46
clflush size	: 64
cache_alignment	: 64
address sizes	: 44 bits physical, 48 bits virtual
power management:

processor	: 28
vendor_id	: GenuineIntel
cpu family	: 6
model		: 46
model name	: Intel(R) Xeon(R) CPU           L7555  @ 1.87GHz
stepping	: 6
microcode	: 10
cpu MHz		: 1862.094
cache size	: 24576 KB
physical id	: 0
siblings	: 16
core id		: 11
cpu cores	: 8
apicid		: 22
initial apicid	: 22
fpu		: yes
fpu_exception	: yes
cpuid level	: 11
wp		: yes
flags		: fpu vme de pse tsc msr pae mce cx8 apic sep mtrr pge mca cmov pat pse36 clflush dts acpi mmx fxsr sse sse2 ss ht tm pbe syscall nx rdtscp lm constant_tsc arch_perfmon pebs bts rep_good xtopology nonstop_tsc aperfmperf pni dtes64 monitor ds_cpl vmx est tm2 ssse3 cx16 xtpr pdcm dca sse4_1 sse4_2 x2apic popcnt lahf_lm ida dts tpr_shadow vnmi flexpriority ept vpid
bogomips	: 3724.18
clflush size	: 64
cache_alignment	: 64
address sizes	: 44 bits physical, 48 bits virtual
power management:

processor	: 29
vendor_id	: GenuineIntel
cpu family	: 6
model		: 46
model name	: Intel(R) Xeon(R) CPU           L7555  @ 1.87GHz
stepping	: 6
microcode	: 10
cpu MHz		: 1862.094
cache size	: 24576 KB
physical id	: 1
siblings	: 16
core id		: 11
cpu cores	: 8
apicid		: 54
initial apicid	: 54
fpu		: yes
fpu_exception	: yes
cpuid level	: 11
wp		: yes
flags		: fpu vme de pse tsc msr pae mce cx8 apic sep mtrr pge mca cmov pat pse36 clflush dts acpi mmx fxsr sse sse2 ss ht tm pbe syscall nx rdtscp lm constant_tsc arch_perfmon pebs bts rep_good xtopology nonstop_tsc aperfmperf pni dtes64 monitor ds_cpl vmx est tm2 ssse3 cx16 xtpr pdcm dca sse4_1 sse4_2 x2apic popcnt lahf_lm ida dts tpr_shadow vnmi flexpriority ept vpid
bogomips	: 3723.45
clflush size	: 64
cache_alignment	: 64
address sizes	: 44 bits physical, 48 bits virtual
power management:

processor	: 30
vendor_id	: GenuineIntel
cpu family	: 6
model		: 46
model name	: Intel(R) Xeon(R) CPU           L7555  @ 1.87GHz
stepping	: 6
microcode	: 10
cpu MHz		: 1862.094
cache size	: 24576 KB
physical id	: 2
siblings	: 16
core id		: 11
cpu cores	: 8
apicid		: 86
initial apicid	: 86
fpu		: yes
fpu_exception	: yes
cpuid level	: 11
wp		: yes
flags		: fpu vme de pse tsc msr pae mce cx8 apic sep mtrr pge mca cmov pat pse36 clflush dts acpi mmx fxsr sse sse2 ss ht tm pbe syscall nx rdtscp lm constant_tsc arch_perfmon pebs bts rep_good xtopology nonstop_tsc aperfmperf pni dtes64 monitor ds_cpl vmx est tm2 ssse3 cx16 xtpr pdcm dca sse4_1 sse4_2 x2apic popcnt lahf_lm ida dts tpr_shadow vnmi flexpriority ept vpid
bogomips	: 3723.47
clflush size	: 64
cache_alignment	: 64
address sizes	: 44 bits physical, 48 bits virtual
power management:

processor	: 31
vendor_id	: GenuineIntel
cpu family	: 6
model		: 46
model name	: Intel(R) Xeon(R) CPU           L7555  @ 1.87GHz
stepping	: 6
microcode	: 10
cpu MHz		: 1862.094
cache size	: 24576 KB
physical id	: 3
siblings	: 16
core id		: 11
cpu cores	: 8
apicid		: 118
initial apicid	: 118
fpu		: yes
fpu_exception	: yes
cpuid level	: 11
wp		: yes
flags		: fpu vme de pse tsc msr pae mce cx8 apic sep mtrr pge mca cmov pat pse36 clflush dts acpi mmx fxsr sse sse2 ss ht tm pbe syscall nx rdtscp lm constant_tsc arch_perfmon pebs bts rep_good xtopology nonstop_tsc aperfmperf pni dtes64 monitor ds_cpl vmx est tm2 ssse3 cx16 xtpr pdcm dca sse4_1 sse4_2 x2apic popcnt lahf_lm ida dts tpr_shadow vnmi flexpriority ept vpid
bogomips	: 3723.46
clflush size	: 64
cache_alignment	: 64
address sizes	: 44 bits physical, 48 bits virtual
power management:

processor	: 32
vendor_id	: GenuineIntel
cpu family	: 6
model		: 46
model name	: Intel(R) Xeon(R) CPU           L7555  @ 1.87GHz
stepping	: 6
microcode	: 10
cpu MHz		: 1862.094
cache size	: 24576 KB
physical id	: 0
siblings	: 16
core id		: 0
cpu cores	: 8
apicid		: 1
initial apicid	: 1
fpu		: yes
fpu_exception	: yes
cpuid level	: 11
wp		: yes
flags		: fpu vme de pse tsc msr pae mce cx8 apic sep mtrr pge mca cmov pat pse36 clflush dts acpi mmx fxsr sse sse2 ss ht tm pbe syscall nx rdtscp lm constant_tsc arch_perfmon pebs bts rep_good xtopology nonstop_tsc aperfmperf pni dtes64 monitor ds_cpl vmx est tm2 ssse3 cx16 xtpr pdcm dca sse4_1 sse4_2 x2apic popcnt lahf_lm ida dts tpr_shadow vnmi flexpriority ept vpid
bogomips	: 3724.18
clflush size	: 64
cache_alignment	: 64
address sizes	: 44 bits physical, 48 bits virtual
power management:

processor	: 33
vendor_id	: GenuineIntel
cpu family	: 6
model		: 46
model name	: Intel(R) Xeon(R) CPU           L7555  @ 1.87GHz
stepping	: 6
microcode	: 10
cpu MHz		: 1862.094
cache size	: 24576 KB
physical id	: 1
siblings	: 16
core id		: 0
cpu cores	: 8
apicid		: 33
initial apicid	: 33
fpu		: yes
fpu_exception	: yes
cpuid level	: 11
wp		: yes
flags		: fpu vme de pse tsc msr pae mce cx8 apic sep mtrr pge mca cmov pat pse36 clflush dts acpi mmx fxsr sse sse2 ss ht tm pbe syscall nx rdtscp lm constant_tsc arch_perfmon pebs bts rep_good xtopology nonstop_tsc aperfmperf pni dtes64 monitor ds_cpl vmx est tm2 ssse3 cx16 xtpr pdcm dca sse4_1 sse4_2 x2apic popcnt lahf_lm ida dts tpr_shadow vnmi flexpriority ept vpid
bogomips	: 3723.45
clflush size	: 64
cache_alignment	: 64
address sizes	: 44 bits physical, 48 bits virtual
power management:

processor	: 34
vendor_id	: GenuineIntel
cpu family	: 6
model		: 46
model name	: Intel(R) Xeon(R) CPU           L7555  @ 1.87GHz
stepping	: 6
microcode	: 10
cpu MHz		: 1862.094
cache size	: 24576 KB
physical id	: 2
siblings	: 16
core id		: 0
cpu cores	: 8
apicid		: 65
initial apicid	: 65
fpu		: yes
fpu_exception	: yes
cpuid level	: 11
wp		: yes
flags		: fpu vme de pse tsc msr pae mce cx8 apic sep mtrr pge mca cmov pat pse36 clflush dts acpi mmx fxsr sse sse2 ss ht tm pbe syscall nx rdtscp lm constant_tsc arch_perfmon pebs bts rep_good xtopology nonstop_tsc aperfmperf pni dtes64 monitor ds_cpl vmx est tm2 ssse3 cx16 xtpr pdcm dca sse4_1 sse4_2 x2apic popcnt lahf_lm ida dts tpr_shadow vnmi flexpriority ept vpid
bogomips	: 3723.47
clflush size	: 64
cache_alignment	: 64
address sizes	: 44 bits physical, 48 bits virtual
power management:

processor	: 35
vendor_id	: GenuineIntel
cpu family	: 6
model		: 46
model name	: Intel(R) Xeon(R) CPU           L7555  @ 1.87GHz
stepping	: 6
microcode	: 10
cpu MHz		: 1862.094
cache size	: 24576 KB
physical id	: 3
siblings	: 16
core id		: 0
cpu cores	: 8
apicid		: 97
initial apicid	: 97
fpu		: yes
fpu_exception	: yes
cpuid level	: 11
wp		: yes
flags		: fpu vme de pse tsc msr pae mce cx8 apic sep mtrr pge mca cmov pat pse36 clflush dts acpi mmx fxsr sse sse2 ss ht tm pbe syscall nx rdtscp lm constant_tsc arch_perfmon pebs bts rep_good xtopology nonstop_tsc aperfmperf pni dtes64 monitor ds_cpl vmx est tm2 ssse3 cx16 xtpr pdcm dca sse4_1 sse4_2 x2apic popcnt lahf_lm ida dts tpr_shadow vnmi flexpriority ept vpid
bogomips	: 3723.46
clflush size	: 64
cache_alignment	: 64
address sizes	: 44 bits physical, 48 bits virtual
power management:

processor	: 36
vendor_id	: GenuineIntel
cpu family	: 6
model		: 46
model name	: Intel(R) Xeon(R) CPU           L7555  @ 1.87GHz
stepping	: 6
microcode	: 10
cpu MHz		: 1862.094
cache size	: 24576 KB
physical id	: 0
siblings	: 16
core id		: 1
cpu cores	: 8
apicid		: 3
initial apicid	: 3
fpu		: yes
fpu_exception	: yes
cpuid level	: 11
wp		: yes
flags		: fpu vme de pse tsc msr pae mce cx8 apic sep mtrr pge mca cmov pat pse36 clflush dts acpi mmx fxsr sse sse2 ss ht tm pbe syscall nx rdtscp lm constant_tsc arch_perfmon pebs bts rep_good xtopology nonstop_tsc aperfmperf pni dtes64 monitor ds_cpl vmx est tm2 ssse3 cx16 xtpr pdcm dca sse4_1 sse4_2 x2apic popcnt lahf_lm ida dts tpr_shadow vnmi flexpriority ept vpid
bogomips	: 3724.18
clflush size	: 64
cache_alignment	: 64
address sizes	: 44 bits physical, 48 bits virtual
power management:

processor	: 37
vendor_id	: GenuineIntel
cpu family	: 6
model		: 46
model name	: Intel(R) Xeon(R) CPU           L7555  @ 1.87GHz
stepping	: 6
microcode	: 10
cpu MHz		: 1862.094
cache size	: 24576 KB
physical id	: 1
siblings	: 16
core id		: 1
cpu cores	: 8
apicid		: 35
initial apicid	: 35
fpu		: yes
fpu_exception	: yes
cpuid level	: 11
wp		: yes
flags		: fpu vme de pse tsc msr pae mce cx8 apic sep mtrr pge mca cmov pat pse36 clflush dts acpi mmx fxsr sse sse2 ss ht tm pbe syscall nx rdtscp lm constant_tsc arch_perfmon pebs bts rep_good xtopology nonstop_tsc aperfmperf pni dtes64 monitor ds_cpl vmx est tm2 ssse3 cx16 xtpr pdcm dca sse4_1 sse4_2 x2apic popcnt lahf_lm ida dts tpr_shadow vnmi flexpriority ept vpid
bogomips	: 3723.45
clflush size	: 64
cache_alignment	: 64
address sizes	: 44 bits physical, 48 bits virtual
power management:

processor	: 38
vendor_id	: GenuineIntel
cpu family	: 6
model		: 46
model name	: Intel(R) Xeon(R) CPU           L7555  @ 1.87GHz
stepping	: 6
microcode	: 10
cpu MHz		: 1862.094
cache size	: 24576 KB
physical id	: 2
siblings	: 16
core id		: 1
cpu cores	: 8
apicid		: 67
initial apicid	: 67
fpu		: yes
fpu_exception	: yes
cpuid level	: 11
wp		: yes
flags		: fpu vme de pse tsc msr pae mce cx8 apic sep mtrr pge mca cmov pat pse36 clflush dts acpi mmx fxsr sse sse2 ss ht tm pbe syscall nx rdtscp lm constant_tsc arch_perfmon pebs bts rep_good xtopology nonstop_tsc aperfmperf pni dtes64 monitor ds_cpl vmx est tm2 ssse3 cx16 xtpr pdcm dca sse4_1 sse4_2 x2apic popcnt lahf_lm ida dts tpr_shadow vnmi flexpriority ept vpid
bogomips	: 3723.47
clflush size	: 64
cache_alignment	: 64
address sizes	: 44 bits physical, 48 bits virtual
power management:

processor	: 39
vendor_id	: GenuineIntel
cpu family	: 6
model		: 46
model name	: Intel(R) Xeon(R) CPU           L7555  @ 1.87GHz
stepping	: 6
microcode	: 10
cpu MHz		: 1862.094
cache size	: 24576 KB
physical id	: 3
siblings	: 16
core id		: 1
cpu cores	: 8
apicid		: 99
initial apicid	: 99
fpu		: yes
fpu_exception	: yes
cpuid level	: 11
wp		: yes
flags		: fpu vme de pse tsc msr pae mce cx8 apic sep mtrr pge mca cmov pat pse36 clflush dts acpi mmx fxsr sse sse2 ss ht tm pbe syscall nx rdtscp lm constant_tsc arch_perfmon pebs bts rep_good xtopology nonstop_tsc aperfmperf pni dtes64 monitor ds_cpl vmx est tm2 ssse3 cx16 xtpr pdcm dca sse4_1 sse4_2 x2apic popcnt lahf_lm ida dts tpr_shadow vnmi flexpriority ept vpid
bogomips	: 3723.46
clflush size	: 64
cache_alignment	: 64
address sizes	: 44 bits physical, 48 bits virtual
power management:

processor	: 40
vendor_id	: GenuineIntel
cpu family	: 6
model		: 46
model name	: Intel(R) Xeon(R) CPU           L7555  @ 1.87GHz
stepping	: 6
microcode	: 10
cpu MHz		: 1862.094
cache size	: 24576 KB
physical id	: 0
siblings	: 16
core id		: 2
cpu cores	: 8
apicid		: 5
initial apicid	: 5
fpu		: yes
fpu_exception	: yes
cpuid level	: 11
wp		: yes
flags		: fpu vme de pse tsc msr pae mce cx8 apic sep mtrr pge mca cmov pat pse36 clflush dts acpi mmx fxsr sse sse2 ss ht tm pbe syscall nx rdtscp lm constant_tsc arch_perfmon pebs bts rep_good xtopology nonstop_tsc aperfmperf pni dtes64 monitor ds_cpl vmx est tm2 ssse3 cx16 xtpr pdcm dca sse4_1 sse4_2 x2apic popcnt lahf_lm ida dts tpr_shadow vnmi flexpriority ept vpid
bogomips	: 3724.18
clflush size	: 64
cache_alignment	: 64
address sizes	: 44 bits physical, 48 bits virtual
power management:

processor	: 41
vendor_id	: GenuineIntel
cpu family	: 6
model		: 46
model name	: Intel(R) Xeon(R) CPU           L7555  @ 1.87GHz
stepping	: 6
microcode	: 10
cpu MHz		: 1862.094
cache size	: 24576 KB
physical id	: 1
siblings	: 16
core id		: 2
cpu cores	: 8
apicid		: 37
initial apicid	: 37
fpu		: yes
fpu_exception	: yes
cpuid level	: 11
wp		: yes
flags		: fpu vme de pse tsc msr pae mce cx8 apic sep mtrr pge mca cmov pat pse36 clflush dts acpi mmx fxsr sse sse2 ss ht tm pbe syscall nx rdtscp lm constant_tsc arch_perfmon pebs bts rep_good xtopology nonstop_tsc aperfmperf pni dtes64 monitor ds_cpl vmx est tm2 ssse3 cx16 xtpr pdcm dca sse4_1 sse4_2 x2apic popcnt lahf_lm ida dts tpr_shadow vnmi flexpriority ept vpid
bogomips	: 3723.45
clflush size	: 64
cache_alignment	: 64
address sizes	: 44 bits physical, 48 bits virtual
power management:

processor	: 42
vendor_id	: GenuineIntel
cpu family	: 6
model		: 46
model name	: Intel(R) Xeon(R) CPU           L7555  @ 1.87GHz
stepping	: 6
microcode	: 10
cpu MHz		: 1862.094
cache size	: 24576 KB
physical id	: 2
siblings	: 16
core id		: 2
cpu cores	: 8
apicid		: 69
initial apicid	: 69
fpu		: yes
fpu_exception	: yes
cpuid level	: 11
wp		: yes
flags		: fpu vme de pse tsc msr pae mce cx8 apic sep mtrr pge mca cmov pat pse36 clflush dts acpi mmx fxsr sse sse2 ss ht tm pbe syscall nx rdtscp lm constant_tsc arch_perfmon pebs bts rep_good xtopology nonstop_tsc aperfmperf pni dtes64 monitor ds_cpl vmx est tm2 ssse3 cx16 xtpr pdcm dca sse4_1 sse4_2 x2apic popcnt lahf_lm ida dts tpr_shadow vnmi flexpriority ept vpid
bogomips	: 3723.47
clflush size	: 64
cache_alignment	: 64
address sizes	: 44 bits physical, 48 bits virtual
power management:

processor	: 43
vendor_id	: GenuineIntel
cpu family	: 6
model		: 46
model name	: Intel(R) Xeon(R) CPU           L7555  @ 1.87GHz
stepping	: 6
microcode	: 10
cpu MHz		: 1862.094
cache size	: 24576 KB
physical id	: 3
siblings	: 16
core id		: 2
cpu cores	: 8
apicid		: 101
initial apicid	: 101
fpu		: yes
fpu_exception	: yes
cpuid level	: 11
wp		: yes
flags		: fpu vme de pse tsc msr pae mce cx8 apic sep mtrr pge mca cmov pat pse36 clflush dts acpi mmx fxsr sse sse2 ss ht tm pbe syscall nx rdtscp lm constant_tsc arch_perfmon pebs bts rep_good xtopology nonstop_tsc aperfmperf pni dtes64 monitor ds_cpl vmx est tm2 ssse3 cx16 xtpr pdcm dca sse4_1 sse4_2 x2apic popcnt lahf_lm ida dts tpr_shadow vnmi flexpriority ept vpid
bogomips	: 3723.46
clflush size	: 64
cache_alignment	: 64
address sizes	: 44 bits physical, 48 bits virtual
power management:

processor	: 44
vendor_id	: GenuineIntel
cpu family	: 6
model		: 46
model name	: Intel(R) Xeon(R) CPU           L7555  @ 1.87GHz
stepping	: 6
microcode	: 10
cpu MHz		: 1862.094
cache size	: 24576 KB
physical id	: 0
siblings	: 16
core id		: 3
cpu cores	: 8
apicid		: 7
initial apicid	: 7
fpu		: yes
fpu_exception	: yes
cpuid level	: 11
wp		: yes
flags		: fpu vme de pse tsc msr pae mce cx8 apic sep mtrr pge mca cmov pat pse36 clflush dts acpi mmx fxsr sse sse2 ss ht tm pbe syscall nx rdtscp lm constant_tsc arch_perfmon pebs bts rep_good xtopology nonstop_tsc aperfmperf pni dtes64 monitor ds_cpl vmx est tm2 ssse3 cx16 xtpr pdcm dca sse4_1 sse4_2 x2apic popcnt lahf_lm ida dts tpr_shadow vnmi flexpriority ept vpid
bogomips	: 3724.18
clflush size	: 64
cache_alignment	: 64
address sizes	: 44 bits physical, 48 bits virtual
power management:

processor	: 45
vendor_id	: GenuineIntel
cpu family	: 6
model		: 46
model name	: Intel(R) Xeon(R) CPU           L7555  @ 1.87GHz
stepping	: 6
microcode	: 10
cpu MHz		: 1862.094
cache size	: 24576 KB
physical id	: 1
siblings	: 16
core id		: 3
cpu cores	: 8
apicid		: 39
initial apicid	: 39
fpu		: yes
fpu_exception	: yes
cpuid level	: 11
wp		: yes
flags		: fpu vme de pse tsc msr pae mce cx8 apic sep mtrr pge mca cmov pat pse36 clflush dts acpi mmx fxsr sse sse2 ss ht tm pbe syscall nx rdtscp lm constant_tsc arch_perfmon pebs bts rep_good xtopology nonstop_tsc aperfmperf pni dtes64 monitor ds_cpl vmx est tm2 ssse3 cx16 xtpr pdcm dca sse4_1 sse4_2 x2apic popcnt lahf_lm ida dts tpr_shadow vnmi flexpriority ept vpid
bogomips	: 3723.45
clflush size	: 64
cache_alignment	: 64
address sizes	: 44 bits physical, 48 bits virtual
power management:

processor	: 46
vendor_id	: GenuineIntel
cpu family	: 6
model		: 46
model name	: Intel(R) Xeon(R) CPU           L7555  @ 1.87GHz
stepping	: 6
microcode	: 10
cpu MHz		: 1862.094
cache size	: 24576 KB
physical id	: 2
siblings	: 16
core id		: 3
cpu cores	: 8
apicid		: 71
initial apicid	: 71
fpu		: yes
fpu_exception	: yes
cpuid level	: 11
wp		: yes
flags		: fpu vme de pse tsc msr pae mce cx8 apic sep mtrr pge mca cmov pat pse36 clflush dts acpi mmx fxsr sse sse2 ss ht tm pbe syscall nx rdtscp lm constant_tsc arch_perfmon pebs bts rep_good xtopology nonstop_tsc aperfmperf pni dtes64 monitor ds_cpl vmx est tm2 ssse3 cx16 xtpr pdcm dca sse4_1 sse4_2 x2apic popcnt lahf_lm ida dts tpr_shadow vnmi flexpriority ept vpid
bogomips	: 3723.47
clflush size	: 64
cache_alignment	: 64
address sizes	: 44 bits physical, 48 bits virtual
power management:

processor	: 47
vendor_id	: GenuineIntel
cpu family	: 6
model		: 46
model name	: Intel(R) Xeon(R) CPU           L7555  @ 1.87GHz
stepping	: 6
microcode	: 10
cpu MHz		: 1862.094
cache size	: 24576 KB
physical id	: 3
siblings	: 16
core id		: 3
cpu cores	: 8
apicid		: 103
initial apicid	: 103
fpu		: yes
fpu_exception	: yes
cpuid level	: 11
wp		: yes
flags		: fpu vme de pse tsc msr pae mce cx8 apic sep mtrr pge mca cmov pat pse36 clflush dts acpi mmx fxsr sse sse2 ss ht tm pbe syscall nx rdtscp lm constant_tsc arch_perfmon pebs bts rep_good xtopology nonstop_tsc aperfmperf pni dtes64 monitor ds_cpl vmx est tm2 ssse3 cx16 xtpr pdcm dca sse4_1 sse4_2 x2apic popcnt lahf_lm ida dts tpr_shadow vnmi flexpriority ept vpid
bogomips	: 3723.46
clflush size	: 64
cache_alignment	: 64
address sizes	: 44 bits physical, 48 bits virtual
power management:

processor	: 48
vendor_id	: GenuineIntel
cpu family	: 6
model		: 46
model name	: Intel(R) Xeon(R) CPU           L7555  @ 1.87GHz
stepping	: 6
microcode	: 10
cpu MHz		: 1862.094
cache size	: 24576 KB
physical id	: 0
siblings	: 16
core id		: 8
cpu cores	: 8
apicid		: 17
initial apicid	: 17
fpu		: yes
fpu_exception	: yes
cpuid level	: 11
wp		: yes
flags		: fpu vme de pse tsc msr pae mce cx8 apic sep mtrr pge mca cmov pat pse36 clflush dts acpi mmx fxsr sse sse2 ss ht tm pbe syscall nx rdtscp lm constant_tsc arch_perfmon pebs bts rep_good xtopology nonstop_tsc aperfmperf pni dtes64 monitor ds_cpl vmx est tm2 ssse3 cx16 xtpr pdcm dca sse4_1 sse4_2 x2apic popcnt lahf_lm ida dts tpr_shadow vnmi flexpriority ept vpid
bogomips	: 3724.18
clflush size	: 64
cache_alignment	: 64
address sizes	: 44 bits physical, 48 bits virtual
power management:

processor	: 49
vendor_id	: GenuineIntel
cpu family	: 6
model		: 46
model name	: Intel(R) Xeon(R) CPU           L7555  @ 1.87GHz
stepping	: 6
microcode	: 10
cpu MHz		: 1862.094
cache size	: 24576 KB
physical id	: 1
siblings	: 16
core id		: 8
cpu cores	: 8
apicid		: 49
initial apicid	: 49
fpu		: yes
fpu_exception	: yes
cpuid level	: 11
wp		: yes
flags		: fpu vme de pse tsc msr pae mce cx8 apic sep mtrr pge mca cmov pat pse36 clflush dts acpi mmx fxsr sse sse2 ss ht tm pbe syscall nx rdtscp lm constant_tsc arch_perfmon pebs bts rep_good xtopology nonstop_tsc aperfmperf pni dtes64 monitor ds_cpl vmx est tm2 ssse3 cx16 xtpr pdcm dca sse4_1 sse4_2 x2apic popcnt lahf_lm ida dts tpr_shadow vnmi flexpriority ept vpid
bogomips	: 3723.45
clflush size	: 64
cache_alignment	: 64
address sizes	: 44 bits physical, 48 bits virtual
power management:

processor	: 50
vendor_id	: GenuineIntel
cpu family	: 6
model		: 46
model name	: Intel(R) Xeon(R) CPU           L7555  @ 1.87GHz
stepping	: 6
microcode	: 10
cpu MHz		: 1862.094
cache size	: 24576 KB
physical id	: 2
siblings	: 16
core id		: 8
cpu cores	: 8
apicid		: 81
initial apicid	: 81
fpu		: yes
fpu_exception	: yes
cpuid level	: 11
wp		: yes
flags		: fpu vme de pse tsc msr pae mce cx8 apic sep mtrr pge mca cmov pat pse36 clflush dts acpi mmx fxsr sse sse2 ss ht tm pbe syscall nx rdtscp lm constant_tsc arch_perfmon pebs bts rep_good xtopology nonstop_tsc aperfmperf pni dtes64 monitor ds_cpl vmx est tm2 ssse3 cx16 xtpr pdcm dca sse4_1 sse4_2 x2apic popcnt lahf_lm ida dts tpr_shadow vnmi flexpriority ept vpid
bogomips	: 3723.47
clflush size	: 64
cache_alignment	: 64
address sizes	: 44 bits physical, 48 bits virtual
power management:

processor	: 51
vendor_id	: GenuineIntel
cpu family	: 6
model		: 46
model name	: Intel(R) Xeon(R) CPU           L7555  @ 1.87GHz
stepping	: 6
microcode	: 10
cpu MHz		: 1862.094
cache size	: 24576 KB
physical id	: 3
siblings	: 16
core id		: 8
cpu cores	: 8
apicid		: 113
initial apicid	: 113
fpu		: yes
fpu_exception	: yes
cpuid level	: 11
wp		: yes
flags		: fpu vme de pse tsc msr pae mce cx8 apic sep mtrr pge mca cmov pat pse36 clflush dts acpi mmx fxsr sse sse2 ss ht tm pbe syscall nx rdtscp lm constant_tsc arch_perfmon pebs bts rep_good xtopology nonstop_tsc aperfmperf pni dtes64 monitor ds_cpl vmx est tm2 ssse3 cx16 xtpr pdcm dca sse4_1 sse4_2 x2apic popcnt lahf_lm ida dts tpr_shadow vnmi flexpriority ept vpid
bogomips	: 3723.46
clflush size	: 64
cache_alignment	: 64
address sizes	: 44 bits physical, 48 bits virtual
power management:

processor	: 52
vendor_id	: GenuineIntel
cpu family	: 6
model		: 46
model name	: Intel(R) Xeon(R) CPU           L7555  @ 1.87GHz
stepping	: 6
microcode	: 10
cpu MHz		: 1862.094
cache size	: 24576 KB
physical id	: 0
siblings	: 16
core id		: 9
cpu cores	: 8
apicid		: 19
initial apicid	: 19
fpu		: yes
fpu_exception	: yes
cpuid level	: 11
wp		: yes
flags		: fpu vme de pse tsc msr pae mce cx8 apic sep mtrr pge mca cmov pat pse36 clflush dts acpi mmx fxsr sse sse2 ss ht tm pbe syscall nx rdtscp lm constant_tsc arch_perfmon pebs bts rep_good xtopology nonstop_tsc aperfmperf pni dtes64 monitor ds_cpl vmx est tm2 ssse3 cx16 xtpr pdcm dca sse4_1 sse4_2 x2apic popcnt lahf_lm ida dts tpr_shadow vnmi flexpriority ept vpid
bogomips	: 3724.18
clflush size	: 64
cache_alignment	: 64
address sizes	: 44 bits physical, 48 bits virtual
power management:

processor	: 53
vendor_id	: GenuineIntel
cpu family	: 6
model		: 46
model name	: Intel(R) Xeon(R) CPU           L7555  @ 1.87GHz
stepping	: 6
microcode	: 10
cpu MHz		: 1862.094
cache size	: 24576 KB
physical id	: 1
siblings	: 16
core id		: 9
cpu cores	: 8
apicid		: 51
initial apicid	: 51
fpu		: yes
fpu_exception	: yes
cpuid level	: 11
wp		: yes
flags		: fpu vme de pse tsc msr pae mce cx8 apic sep mtrr pge mca cmov pat pse36 clflush dts acpi mmx fxsr sse sse2 ss ht tm pbe syscall nx rdtscp lm constant_tsc arch_perfmon pebs bts rep_good xtopology nonstop_tsc aperfmperf pni dtes64 monitor ds_cpl vmx est tm2 ssse3 cx16 xtpr pdcm dca sse4_1 sse4_2 x2apic popcnt lahf_lm ida dts tpr_shadow vnmi flexpriority ept vpid
bogomips	: 3723.45
clflush size	: 64
cache_alignment	: 64
address sizes	: 44 bits physical, 48 bits virtual
power management:

processor	: 54
vendor_id	: GenuineIntel
cpu family	: 6
model		: 46
model name	: Intel(R) Xeon(R) CPU           L7555  @ 1.87GHz
stepping	: 6
microcode	: 10
cpu MHz		: 1862.094
cache size	: 24576 KB
physical id	: 2
siblings	: 16
core id		: 9
cpu cores	: 8
apicid		: 83
initial apicid	: 83
fpu		: yes
fpu_exception	: yes
cpuid level	: 11
wp		: yes
flags		: fpu vme de pse tsc msr pae mce cx8 apic sep mtrr pge mca cmov pat pse36 clflush dts acpi mmx fxsr sse sse2 ss ht tm pbe syscall nx rdtscp lm constant_tsc arch_perfmon pebs bts rep_good xtopology nonstop_tsc aperfmperf pni dtes64 monitor ds_cpl vmx est tm2 ssse3 cx16 xtpr pdcm dca sse4_1 sse4_2 x2apic popcnt lahf_lm ida dts tpr_shadow vnmi flexpriority ept vpid
bogomips	: 3723.47
clflush size	: 64
cache_alignment	: 64
address sizes	: 44 bits physical, 48 bits virtual
power management:

processor	: 55
vendor_id	: GenuineIntel
cpu family	: 6
model		: 46
model name	: Intel(R) Xeon(R) CPU           L7555  @ 1.87GHz
stepping	: 6
microcode	: 10
cpu MHz		: 1862.094
cache size	: 24576 KB
physical id	: 3
siblings	: 16
core id		: 9
cpu cores	: 8
apicid		: 115
initial apicid	: 115
fpu		: yes
fpu_exception	: yes
cpuid level	: 11
wp		: yes
flags		: fpu vme de pse tsc msr pae mce cx8 apic sep mtrr pge mca cmov pat pse36 clflush dts acpi mmx fxsr sse sse2 ss ht tm pbe syscall nx rdtscp lm constant_tsc arch_perfmon pebs bts rep_good xtopology nonstop_tsc aperfmperf pni dtes64 monitor ds_cpl vmx est tm2 ssse3 cx16 xtpr pdcm dca sse4_1 sse4_2 x2apic popcnt lahf_lm ida dts tpr_shadow vnmi flexpriority ept vpid
bogomips	: 3723.46
clflush size	: 64
cache_alignment	: 64
address sizes	: 44 bits physical, 48 bits virtual
power management:

processor	: 56
vendor_id	: GenuineIntel
cpu family	: 6
model		: 46
model name	: Intel(R) Xeon(R) CPU           L7555  @ 1.87GHz
stepping	: 6
microcode	: 10
cpu MHz		: 1862.094
cache size	: 24576 KB
physical id	: 0
siblings	: 16
core id		: 10
cpu cores	: 8
apicid		: 21
initial apicid	: 21
fpu		: yes
fpu_exception	: yes
cpuid level	: 11
wp		: yes
flags		: fpu vme de pse tsc msr pae mce cx8 apic sep mtrr pge mca cmov pat pse36 clflush dts acpi mmx fxsr sse sse2 ss ht tm pbe syscall nx rdtscp lm constant_tsc arch_perfmon pebs bts rep_good xtopology nonstop_tsc aperfmperf pni dtes64 monitor ds_cpl vmx est tm2 ssse3 cx16 xtpr pdcm dca sse4_1 sse4_2 x2apic popcnt lahf_lm ida dts tpr_shadow vnmi flexpriority ept vpid
bogomips	: 3724.18
clflush size	: 64
cache_alignment	: 64
address sizes	: 44 bits physical, 48 bits virtual
power management:

processor	: 57
vendor_id	: GenuineIntel
cpu family	: 6
model		: 46
model name	: Intel(R) Xeon(R) CPU           L7555  @ 1.87GHz
stepping	: 6
microcode	: 10
cpu MHz		: 1862.094
cache size	: 24576 KB
physical id	: 1
siblings	: 16
core id		: 10
cpu cores	: 8
apicid		: 53
initial apicid	: 53
fpu		: yes
fpu_exception	: yes
cpuid level	: 11
wp		: yes
flags		: fpu vme de pse tsc msr pae mce cx8 apic sep mtrr pge mca cmov pat pse36 clflush dts acpi mmx fxsr sse sse2 ss ht tm pbe syscall nx rdtscp lm constant_tsc arch_perfmon pebs bts rep_good xtopology nonstop_tsc aperfmperf pni dtes64 monitor ds_cpl vmx est tm2 ssse3 cx16 xtpr pdcm dca sse4_1 sse4_2 x2apic popcnt lahf_lm ida dts tpr_shadow vnmi flexpriority ept vpid
bogomips	: 3723.45
clflush size	: 64
cache_alignment	: 64
address sizes	: 44 bits physical, 48 bits virtual
power management:

processor	: 58
vendor_id	: GenuineIntel
cpu family	: 6
model		: 46
model name	: Intel(R) Xeon(R) CPU           L7555  @ 1.87GHz
stepping	: 6
microcode	: 10
cpu MHz		: 1862.094
cache size	: 24576 KB
physical id	: 2
siblings	: 16
core id		: 10
cpu cores	: 8
apicid		: 85
initial apicid	: 85
fpu		: yes
fpu_exception	: yes
cpuid level	: 11
wp		: yes
flags		: fpu vme de pse tsc msr pae mce cx8 apic sep mtrr pge mca cmov pat pse36 clflush dts acpi mmx fxsr sse sse2 ss ht tm pbe syscall nx rdtscp lm constant_tsc arch_perfmon pebs bts rep_good xtopology nonstop_tsc aperfmperf pni dtes64 monitor ds_cpl vmx est tm2 ssse3 cx16 xtpr pdcm dca sse4_1 sse4_2 x2apic popcnt lahf_lm ida dts tpr_shadow vnmi flexpriority ept vpid
bogomips	: 3723.47
clflush size	: 64
cache_alignment	: 64
address sizes	: 44 bits physical, 48 bits virtual
power management:

processor	: 59
vendor_id	: GenuineIntel
cpu family	: 6
model		: 46
model name	: Intel(R) Xeon(R) CPU           L7555  @ 1.87GHz
stepping	: 6
microcode	: 10
cpu MHz		: 1862.094
cache size	: 24576 KB
physical id	: 3
siblings	: 16
core id		: 10
cpu cores	: 8
apicid		: 117
initial apicid	: 117
fpu		: yes
fpu_exception	: yes
cpuid level	: 11
wp		: yes
flags		: fpu vme de pse tsc msr pae mce cx8 apic sep mtrr pge mca cmov pat pse36 clflush dts acpi mmx fxsr sse sse2 ss ht tm pbe syscall nx rdtscp lm constant_tsc arch_perfmon pebs bts rep_good xtopology nonstop_tsc aperfmperf pni dtes64 monitor ds_cpl vmx est tm2 ssse3 cx16 xtpr pdcm dca sse4_1 sse4_2 x2apic popcnt lahf_lm ida dts tpr_shadow vnmi flexpriority ept vpid
bogomips	: 3723.46
clflush size	: 64
cache_alignment	: 64
address sizes	: 44 bits physical, 48 bits virtual
power management:

processor	: 60
vendor_id	: GenuineIntel
cpu family	: 6
model		: 46
model name	: Intel(R) Xeon(R) CPU           L7555  @ 1.87GHz
stepping	: 6
microcode	: 10
cpu MHz		: 1862.094
cache size	: 24576 KB
physical id	: 0
siblings	: 16
core id		: 11
cpu cores	: 8
apicid		: 23
initial apicid	: 23
fpu		: yes
fpu_exception	: yes
cpuid level	: 11
wp		: yes
flags		: fpu vme de pse tsc msr pae mce cx8 apic sep mtrr pge mca cmov pat pse36 clflush dts acpi mmx fxsr sse sse2 ss ht tm pbe syscall nx rdtscp lm constant_tsc arch_perfmon pebs bts rep_good xtopology nonstop_tsc aperfmperf pni dtes64 monitor ds_cpl vmx est tm2 ssse3 cx16 xtpr pdcm dca sse4_1 sse4_2 x2apic popcnt lahf_lm ida dts tpr_shadow vnmi flexpriority ept vpid
bogomips	: 3724.18
clflush size	: 64
cache_alignment	: 64
address sizes	: 44 bits physical, 48 bits virtual
power management:

processor	: 61
vendor_id	: GenuineIntel
cpu family	: 6
model		: 46
model name	: Intel(R) Xeon(R) CPU           L7555  @ 1.87GHz
stepping	: 6
microcode	: 10
cpu MHz		: 1862.094
cache size	: 24576 KB
physical id	: 1
siblings	: 16
core id		: 11
cpu cores	: 8
apicid		: 55
initial apicid	: 55
fpu		: yes
fpu_exception	: yes
cpuid level	: 11
wp		: yes
flags		: fpu vme de pse tsc msr pae mce cx8 apic sep mtrr pge mca cmov pat pse36 clflush dts acpi mmx fxsr sse sse2 ss ht tm pbe syscall nx rdtscp lm constant_tsc arch_perfmon pebs bts rep_good xtopology nonstop_tsc aperfmperf pni dtes64 monitor ds_cpl vmx est tm2 ssse3 cx16 xtpr pdcm dca sse4_1 sse4_2 x2apic popcnt lahf_lm ida dts tpr_shadow vnmi flexpriority ept vpid
bogomips	: 3723.45
clflush size	: 64
cache_alignment	: 64
address sizes	: 44 bits physical, 48 bits virtual
power management:

processor	: 62
vendor_id	: GenuineIntel
cpu family	: 6
model		: 46
model name	: Intel(R) Xeon(R) CPU           L7555  @ 1.87GHz
stepping	: 6
microcode	: 10
cpu MHz		: 1862.094
cache size	: 24576 KB
physical id	: 2
siblings	: 16
core id		: 11
cpu cores	: 8
apicid		: 87
initial apicid	: 87
fpu		: yes
fpu_exception	: yes
cpuid level	: 11
wp		: yes
flags		: fpu vme de pse tsc msr pae mce cx8 apic sep mtrr pge mca cmov pat pse36 clflush dts acpi mmx fxsr sse sse2 ss ht tm pbe syscall nx rdtscp lm constant_tsc arch_perfmon pebs bts rep_good xtopology nonstop_tsc aperfmperf pni dtes64 monitor ds_cpl vmx est tm2 ssse3 cx16 xtpr pdcm dca sse4_1 sse4_2 x2apic popcnt lahf_lm ida dts tpr_shadow vnmi flexpriority ept vpid
bogomips	: 3723.47
clflush size	: 64
cache_alignment	: 64
address sizes	: 44 bits physical, 48 bits virtual
power management:

processor	: 63
vendor_id	: GenuineIntel
cpu family	: 6
model		: 46
model name	: Intel(R) Xeon(R) CPU           L7555  @ 1.87GHz
stepping	: 6
microcode	: 10
cpu MHz		: 1862.094
cache size	: 24576 KB
physical id	: 3
siblings	: 16
core id		: 11
cpu cores	: 8
apicid		: 119
initial apicid	: 119
fpu		: yes
fpu_exception	: yes
cpuid level	: 11
wp		: yes
flags		: fpu vme de pse tsc msr pae mce cx8 apic sep mtrr pge mca cmov pat pse36 clflush dts acpi mmx fxsr sse sse2 ss ht tm pbe syscall nx rdtscp lm constant_tsc arch_perfmon pebs bts rep_good xtopology nonstop_tsc aperfmperf pni dtes64 monitor ds_cpl vmx est tm2 ssse3 cx16 xtpr pdcm dca sse4_1 sse4_2 x2apic popcnt lahf_lm ida dts tpr_shadow vnmi flexpriority ept vpid
bogomips	: 3723.46
clflush size	: 64
cache_alignment	: 64
address sizes	: 44 bits physical, 48 bits virtual
power management:



Memory: 4k page, physical 132138228k(121728188k free), swap 10485756k(10485756k free)

vm_info: Java HotSpot(TM) 64-Bit Server VM (25.71-b15) for linux-amd64 JRE (1.8.0_71-b15), built on Dec 22 2015 18:21:33 by "java_re" with gcc 4.3.0 20080428 (Red Hat 4.3.0-8)

time: Mon Mar 14 10:28:57 2016
elapsed time: 0 seconds (0d 0h 0m 0s)

